#
# There is insufficient memory for the Java Runtime Environment to continue.
# Native memory allocation (malloc) failed to allocate 1048576 bytes. Error detail: AllocateHeap
# Possible reasons:
#   The system is out of physical RAM or swap space
#   This process is running with CompressedOops enabled, and the Java Heap may be blocking the growth of the native heap
# Possible solutions:
#   Reduce memory load on the system
#   Increase physical memory or swap space
#   Check if swap backing store is full
#   Decrease Java heap size (-Xmx/-Xms)
#   Decrease number of Java threads
#   Decrease Java thread stack sizes (-Xss)
#   Set larger code cache with -XX:ReservedCodeCacheSize=
#   JVM is running with Unscaled Compressed Oops mode in which the Java heap is
#     placed in the first 4GB address space. The Java Heap base address is the
#     maximum limit for the native heap growth. Please use -XX:HeapBaseMinAddress
#     to set the Java Heap base and to place the Java Heap above 4GB virtual address.
# This output file may be truncated or incomplete.
#
#  Out of Memory Error (allocation.cpp:44), pid=30612, tid=37020
#
# JRE version: OpenJDK Runtime Environment Temurin-21.0.10+7 (21.0.10+7) (build 21.0.10+7-LTS)
# Java VM: OpenJDK 64-Bit Server VM Temurin-21.0.10+7 (21.0.10+7-LTS, mixed mode, sharing, tiered, compressed oops, compressed class ptrs, parallel gc, windows-amd64)
# No core dump will be written. Minidumps are not enabled by default on client versions of Windows
#

---------------  S U M M A R Y ------------

Command Line: --add-modules=ALL-SYSTEM --add-opens=java.base/java.util=ALL-UNNAMED --add-opens=java.base/java.lang=ALL-UNNAMED --add-opens=java.base/sun.nio.fs=ALL-UNNAMED -Declipse.application=org.eclipse.jdt.ls.core.id1 -Dosgi.bundles.defaultStartLevel=4 -Declipse.product=org.eclipse.jdt.ls.core.product -Djava.import.generatesMetadataFilesAtProjectRoot=false -DDetectVMInstallationsJob.disabled=true -Dfile.encoding=utf8 -XX:+UseParallelGC -XX:GCTimeRatio=4 -XX:AdaptiveSizePolicyWeight=90 -Dsun.zip.disableMemoryMapping=true -Xmx2G -Xms100m -Xlog:disable -javaagent:c:\Users\fpt\.vscode\extensions\redhat.java-1.54.0-win32-x64\lombok\lombok-1.18.39-4050.jar -XX:+HeapDumpOnOutOfMemoryError -XX:HeapDumpPath=c:\Users\fpt\AppData\Roaming\Code\User\workspaceStorage\5c5ac8cd658039a3956400a6e7e132ee\redhat.java -Daether.dependencyCollector.impl=bf c:\Users\fpt\.vscode\extensions\redhat.java-1.54.0-win32-x64\server\plugins\org.eclipse.equinox.launcher_1.7.100.v20251111-0406.jar -configuration c:\Users\fpt\AppData\Roaming\Code\User\globalStorage\redhat.java\1.54.0\config_win -data c:\Users\fpt\AppData\Roaming\Code\User\workspaceStorage\5c5ac8cd658039a3956400a6e7e132ee\redhat.java\jdt_ws --pipe=\\.\pipe\lsp-1ba5e0a30b495de4d6e14915cd5f0546-sock

Host: 12th Gen Intel(R) Core(TM) i5-12450H, 12 cores, 15G,  Windows 11 , 64 bit Build 26100 (10.0.26100.8328)
Time: Fri May  8 14:11:16 2026 SE Asia Standard Time elapsed time: 1382.612055 seconds (0d 0h 23m 2s)

---------------  T H R E A D  ---------------

Current thread (0x0000019bfd35db30):  JavaThread "Attach Listener" daemon [_thread_in_vm, id=37020, stack(0x0000004f89700000,0x0000004f89800000) (1024K)]

Stack: [0x0000004f89700000,0x0000004f89800000]
Native frames: (J=compiled Java code, j=interpreted, Vv=VM code, C=native code)
V  [jvm.dll+0x6d7a39]
V  [jvm.dll+0x8b4b26]
V  [jvm.dll+0x8b70de]
V  [jvm.dll+0x8b77c3]
V  [jvm.dll+0x284346]
V  [jvm.dll+0xc1277]
V  [jvm.dll+0x6d82e9]
V  [jvm.dll+0x1334a6]
V  [jvm.dll+0x3f857e]
V  [jvm.dll+0x85f59d]
V  [jvm.dll+0x6d626d]
C  [ucrtbase.dll+0x37b0]
C  [KERNEL32.DLL+0x2e957]
C  [ntdll.dll+0x427c]


---------------  P R O C E S S  ---------------

Threads class SMR info:
_java_thread_list=0x0000019bc6f13b10, length=38, elements={
0x0000019be4c9e430, 0x0000019be4d44f90, 0x0000019be4d47890, 0x0000019bfd35cfd0,
0x0000019bfd35db30, 0x0000019be4d4c5b0, 0x0000019be4d528a0, 0x0000019bfe7ca090,
0x0000019be4d5a8a0, 0x0000019bfe9e9370, 0x0000019bfe9e7fc0, 0x0000019bfe9e8650,
0x0000019bfe9eb440, 0x0000019bfe9e9a00, 0x0000019bfe9eadb0, 0x0000019bfe9ea090,
0x0000019bfe9e8ce0, 0x0000019bfe9ea720, 0x0000019bc580ca00, 0x0000019bc580e440,
0x0000019bc580f160, 0x0000019bc580bce0, 0x0000019bc580c370, 0x0000019bc5812c70,
0x0000019bc5810ba0, 0x0000019bc5811230, 0x0000019bc580f7f0, 0x0000019bc58125e0,
0x0000019bc58118c0, 0x0000019bc580fe80, 0x0000019bc5811f50, 0x0000019bc5813300,
0x0000019bc5810510, 0x0000019bc6acee90, 0x0000019bc6ace800, 0x0000019bc6acf520,
0x0000019bc6accdc0, 0x0000019bc8103e20
}

Java Threads: ( => current thread )
  0x0000019be4c9e430 JavaThread "main"                              [_thread_blocked, id=26316, stack(0x0000004f89000000,0x0000004f89100000) (1024K)]
  0x0000019be4d44f90 JavaThread "Reference Handler"          daemon [_thread_blocked, id=39168, stack(0x0000004f89400000,0x0000004f89500000) (1024K)]
  0x0000019be4d47890 JavaThread "Finalizer"                  daemon [_thread_blocked, id=27140, stack(0x0000004f89500000,0x0000004f89600000) (1024K)]
  0x0000019bfd35cfd0 JavaThread "Signal Dispatcher"          daemon [_thread_blocked, id=35008, stack(0x0000004f89600000,0x0000004f89700000) (1024K)]
=>0x0000019bfd35db30 JavaThread "Attach Listener"            daemon [_thread_in_vm, id=37020, stack(0x0000004f89700000,0x0000004f89800000) (1024K)]
  0x0000019be4d4c5b0 JavaThread "Service Thread"             daemon [_thread_blocked, id=30080, stack(0x0000004f89800000,0x0000004f89900000) (1024K)]
  0x0000019be4d528a0 JavaThread "Monitor Deflation Thread"   daemon [_thread_blocked, id=31732, stack(0x0000004f89900000,0x0000004f89a00000) (1024K)]
  0x0000019bfe7ca090 JavaThread "C2 CompilerThread0"         daemon [_thread_blocked, id=28280, stack(0x0000004f89a00000,0x0000004f89b00000) (1024K)]
  0x0000019be4d5a8a0 JavaThread "C1 CompilerThread0"         daemon [_thread_blocked, id=24808, stack(0x0000004f89b00000,0x0000004f89c00000) (1024K)]
  0x0000019bfe9e9370 JavaThread "Common-Cleaner"             daemon [_thread_blocked, id=16568, stack(0x0000004f89d00000,0x0000004f89e00000) (1024K)]
  0x0000019bfe9e7fc0 JavaThread "Notification Thread"        daemon [_thread_blocked, id=24452, stack(0x0000004f89e00000,0x0000004f89f00000) (1024K)]
  0x0000019bfe9e8650 JavaThread "Active Thread: Equinox Container: 1a41e9da-0793-4180-84d0-019fa45351e8"        [_thread_blocked, id=24168, stack(0x0000004f8a600000,0x0000004f8a700000) (1024K)]
  0x0000019bfe9eb440 JavaThread "Refresh Thread: Equinox Container: 1a41e9da-0793-4180-84d0-019fa45351e8" daemon [_thread_blocked, id=25772, stack(0x0000004f8a700000,0x0000004f8a800000) (1024K)]
  0x0000019bfe9e9a00 JavaThread "Framework Event Dispatcher: Equinox Container: 1a41e9da-0793-4180-84d0-019fa45351e8" daemon [_thread_blocked, id=32524, stack(0x0000004f8a800000,0x0000004f8a900000) (1024K)]
  0x0000019bfe9eadb0 JavaThread "Start Level: Equinox Container: 1a41e9da-0793-4180-84d0-019fa45351e8" daemon [_thread_blocked, id=39484, stack(0x0000004f8a900000,0x0000004f8aa00000) (1024K)]
  0x0000019bfe9ea090 JavaThread "Bundle File Closer"         daemon [_thread_blocked, id=6676, stack(0x0000004f8ac00000,0x0000004f8ad00000) (1024K)]
  0x0000019bfe9e8ce0 JavaThread "SCR Component Actor"        daemon [_thread_blocked, id=34064, stack(0x0000004f8ab00000,0x0000004f8ac00000) (1024K)]
  0x0000019bfe9ea720 JavaThread "Worker-JM"                         [_thread_blocked, id=18472, stack(0x0000004f8af00000,0x0000004f8b000000) (1024K)]
  0x0000019bc580ca00 JavaThread "JNA Cleaner"                daemon [_thread_blocked, id=30016, stack(0x0000004f8ad00000,0x0000004f8ae00000) (1024K)]
  0x0000019bc580e440 JavaThread "Java indexing"              daemon [_thread_blocked, id=24872, stack(0x0000004f8b300000,0x0000004f8b400000) (1024K)]
  0x0000019bc580f160 JavaThread "Worker-3"                          [_thread_blocked, id=20200, stack(0x0000004f8b700000,0x0000004f8b800000) (1024K)]
  0x0000019bc580bce0 JavaThread "Thread-1"                   daemon [_thread_in_native, id=7328, stack(0x0000004f8b800000,0x0000004f8b900000) (1024K)]
  0x0000019bc580c370 JavaThread "Thread-2"                   daemon [_thread_in_native, id=25952, stack(0x0000004f8b900000,0x0000004f8ba00000) (1024K)]
  0x0000019bc5812c70 JavaThread "Thread-3"                   daemon [_thread_in_native, id=34996, stack(0x0000004f8ba00000,0x0000004f8bb00000) (1024K)]
  0x0000019bc5810ba0 JavaThread "Thread-4"                   daemon [_thread_in_native, id=23728, stack(0x0000004f8bb00000,0x0000004f8bc00000) (1024K)]
  0x0000019bc5811230 JavaThread "Thread-5"                   daemon [_thread_in_native, id=11572, stack(0x0000004f8bc00000,0x0000004f8bd00000) (1024K)]
  0x0000019bc580f7f0 JavaThread "Thread-6"                   daemon [_thread_in_native, id=6848, stack(0x0000004f8bd00000,0x0000004f8be00000) (1024K)]
  0x0000019bc58125e0 JavaThread "Thread-7"                   daemon [_thread_in_native, id=31256, stack(0x0000004f8be00000,0x0000004f8bf00000) (1024K)]
  0x0000019bc58118c0 JavaThread "Thread-8"                   daemon [_thread_in_native, id=32476, stack(0x0000004f8bf00000,0x0000004f8c000000) (1024K)]
  0x0000019bc580fe80 JavaThread "Thread-9"                   daemon [_thread_in_native, id=15296, stack(0x0000004f8c000000,0x0000004f8c100000) (1024K)]
  0x0000019bc5811f50 JavaThread "Thread-10"                  daemon [_thread_in_native, id=21708, stack(0x0000004f8c100000,0x0000004f8c200000) (1024K)]
  0x0000019bc5813300 JavaThread "Thread-11"                  daemon [_thread_in_native, id=10672, stack(0x0000004f8c200000,0x0000004f8c300000) (1024K)]
  0x0000019bc5810510 JavaThread "Thread-12"                  daemon [_thread_in_native, id=3392, stack(0x0000004f8c300000,0x0000004f8c400000) (1024K)]
  0x0000019bc6acee90 JavaThread "Thread-13"                  daemon [_thread_in_native, id=19388, stack(0x0000004f8c400000,0x0000004f8c500000) (1024K)]
  0x0000019bc6ace800 JavaThread "pool-2-thread-1"                   [_thread_blocked, id=12664, stack(0x0000004f8c500000,0x0000004f8c600000) (1024K)]
  0x0000019bc6acf520 JavaThread "WorkspaceEventsHandler"            [_thread_blocked, id=39032, stack(0x0000004f8c600000,0x0000004f8c700000) (1024K)]
  0x0000019bc6accdc0 JavaThread "pool-1-thread-1"                   [_thread_blocked, id=34276, stack(0x0000004f8c700000,0x0000004f8c800000) (1024K)]
  0x0000019bc8103e20 JavaThread "Worker-4"                          [_thread_blocked, id=2824, stack(0x0000004f8cc00000,0x0000004f8cd00000) (1024K)]
Total: 38

Other Threads:
  0x0000019be4d3ebc0 VMThread "VM Thread"                           [id=38152, stack(0x0000004f89300000,0x0000004f89400000) (1024K)]
  0x0000019bfd23ca00 WatcherThread "VM Periodic Task Thread"        [id=29164, stack(0x0000004f89200000,0x0000004f89300000) (1024K)]
  0x0000019be4cbd020 WorkerThread "GC Thread#0"                     [id=39136, stack(0x0000004f89100000,0x0000004f89200000) (1024K)]
  0x0000019bffaf9270 WorkerThread "GC Thread#1"                     [id=20900, stack(0x0000004f8a000000,0x0000004f8a100000) (1024K)]
  0x0000019bffc8fea0 WorkerThread "GC Thread#2"                     [id=11924, stack(0x0000004f8a100000,0x0000004f8a200000) (1024K)]
  0x0000019bffc90250 WorkerThread "GC Thread#3"                     [id=32728, stack(0x0000004f8a200000,0x0000004f8a300000) (1024K)]
  0x0000019bffc90600 WorkerThread "GC Thread#4"                     [id=37820, stack(0x0000004f8a300000,0x0000004f8a400000) (1024K)]
  0x0000019bfeb35050 WorkerThread "GC Thread#5"                     [id=27192, stack(0x0000004f8a400000,0x0000004f8a500000) (1024K)]
  0x0000019bfeb34190 WorkerThread "GC Thread#6"                     [id=13052, stack(0x0000004f8a500000,0x0000004f8a600000) (1024K)]
  0x0000019bfeb357b0 WorkerThread "GC Thread#7"                     [id=33524, stack(0x0000004f89c00000,0x0000004f89d00000) (1024K)]
  0x0000019bfeb348f0 WorkerThread "GC Thread#8"                     [id=12468, stack(0x0000004f89f00000,0x0000004f8a000000) (1024K)]
  0x0000019bfeb35b60 WorkerThread "GC Thread#9"                     [id=30276, stack(0x0000004f8aa00000,0x0000004f8ab00000) (1024K)]
Total: 12

Threads with active compile tasks:
Total: 0

VM state: not at safepoint (normal execution)

VM Mutex/Monitor currently owned by a thread: None

Heap address: 0x0000000080000000, size: 2048 MB, Compressed Oops mode: 32-bit

CDS archive(s) mapped at: [0x0000019b80000000-0x0000019b80ba0000-0x0000019b80ba0000), size 12189696, SharedBaseAddress: 0x0000019b80000000, ArchiveRelocationMode: 1.
Compressed class space mapped at: 0x0000019b81000000-0x0000019bc1000000, reserved size: 1073741824
Narrow klass base: 0x0000019b80000000, Narrow klass shift: 0, Narrow klass range: 0x100000000

GC Precious Log:
 CardTable entry size: 512
 CPUs: 12 total, 12 available
 Memory: 16085M
 Large Page Support: Disabled
 NUMA Support: Disabled
 Compressed Oops: Enabled (32-bit)
 Alignments: Space 512K, Generation 512K, Heap 2M
 Heap Min Capacity: 100M
 Heap Initial Capacity: 100M
 Heap Max Capacity: 2G
 Pre-touch: Disabled
 Parallel Workers: 10

Heap:
 PSYoungGen      total 10752K, used 2787K [0x00000000d5580000, 0x00000000d6180000, 0x0000000100000000)
  eden space 9216K, 23% used [0x00000000d5580000,0x00000000d5798e58,0x00000000d5e80000)
  from space 1536K, 41% used [0x00000000d5f00000,0x00000000d5fa0010,0x00000000d6080000)
  to   space 1024K, 0% used [0x00000000d6080000,0x00000000d6080000,0x00000000d6180000)
 ParOldGen       total 538624K, used 195875K [0x0000000080000000, 0x00000000a0e00000, 0x00000000d5580000)
  object space 538624K, 36% used [0x0000000080000000,0x000000008bf48e08,0x00000000a0e00000)
 Metaspace       used 60331K, committed 61760K, reserved 1114112K
  class space    used 6318K, committed 6976K, reserved 1048576K

Card table byte_map: [0x0000019bf86a0000,0x0000019bf8ab0000] _byte_map_base: 0x0000019bf82a0000

Marking Bits: (ParMarkBitMap*) 0x00007ffb55f43450
 Begin Bits: [0x0000019bf8d60000, 0x0000019bfad60000)
 End Bits:   [0x0000019bfad60000, 0x0000019bfcd60000)

Polling page: 0x0000019be4a10000

Metaspace:

Usage:
  Non-class:     52.75 MB used.
      Class:      6.17 MB used.
       Both:     58.92 MB used.

Virtual space:
  Non-class space:       64.00 MB reserved,      53.50 MB ( 84%) committed,  1 nodes.
      Class space:        1.00 GB reserved,       6.81 MB ( <1%) committed,  1 nodes.
             Both:        1.06 GB reserved,      60.31 MB (  6%) committed. 

Chunk freelists:
   Non-Class:  10.45 MB
       Class:  9.05 MB
        Both:  19.50 MB

MaxMetaspaceSize: unlimited
CompressedClassSpaceSize: 1.00 GB
Initial GC threshold: 21.00 MB
Current GC threshold: 97.31 MB
CDS: on
 - commit_granule_bytes: 65536.
 - commit_granule_words: 8192.
 - virtual_space_node_default_size: 8388608.
 - enlarge_chunks_in_place: 1.
 - use_allocation_guard: 0.


Internal statistics:

num_allocs_failed_limit: 9.
num_arena_births: 1178.
num_arena_deaths: 16.
num_vsnodes_births: 2.
num_vsnodes_deaths: 0.
num_space_committed: 965.
num_space_uncommitted: 0.
num_chunks_returned_to_freelist: 26.
num_chunks_taken_from_freelist: 3979.
num_chunk_merges: 14.
num_chunk_splits: 2459.
num_chunks_enlarged: 1411.
num_inconsistent_stats: 0.

CodeHeap 'non-profiled nmethods': size=120000Kb used=10563Kb max_used=10563Kb free=109436Kb
 bounds [0x0000019bf0f90000, 0x0000019bf19f0000, 0x0000019bf84c0000]
CodeHeap 'profiled nmethods': size=120000Kb used=26649Kb max_used=26682Kb free=93350Kb
 bounds [0x0000019be94c0000, 0x0000019beaf30000, 0x0000019bf09f0000]
CodeHeap 'non-nmethods': size=5760Kb used=1415Kb max_used=1466Kb free=4344Kb
 bounds [0x0000019bf09f0000, 0x0000019bf0c60000, 0x0000019bf0f90000]
CodeCache: size=245760Kb, used=38627Kb, max_used=38711Kb, free=207130Kb
 total_blobs=12538, nmethods=11812, adapters=632, full_count=0
Compilation: enabled, stopped_count=0, restarted_count=0

Compilation events (20 events):
Event: 1080.189 Thread 0x0000019be4d5a8a0 12664       3       java.util.concurrent.locks.AbstractQueuedSynchronizer$Node::setStatusRelaxed (12 bytes)
Event: 1080.193 Thread 0x0000019be4d5a8a0 nmethod 12664 0x0000019be98d7b10 code [0x0000019be98d7ca0, 0x0000019be98d7db8]
Event: 1112.038 Thread 0x0000019be4d5a8a0 12665       3       java.util.concurrent.ScheduledThreadPoolExecutor$DelayedWorkQueue::take (5 bytes)
Event: 1112.040 Thread 0x0000019be4d5a8a0 nmethod 12665 0x0000019be9a00890 code [0x0000019be9a00a40, 0x0000019be9a00b98]
Event: 1112.040 Thread 0x0000019be4d5a8a0 12666   !   3       java.util.concurrent.ScheduledThreadPoolExecutor$DelayedWorkQueue::take (203 bytes)
Event: 1112.105 Thread 0x0000019be4d5a8a0 nmethod 12666 0x0000019be98ea190 code [0x0000019be98ea560, 0x0000019be98ebe00]
Event: 1120.211 Thread 0x0000019be4d5a8a0 12667       3       java.util.concurrent.ScheduledThreadPoolExecutor::triggerTime (22 bytes)
Event: 1120.211 Thread 0x0000019be4d5a8a0 nmethod 12667 0x0000019be9892a90 code [0x0000019be9892c40, 0x0000019be9892e20]
Event: 1120.211 Thread 0x0000019be4d5a8a0 12668       3       java.util.concurrent.ScheduledThreadPoolExecutor$DelayedWorkQueue::add (9 bytes)
Event: 1120.213 Thread 0x0000019be4d5a8a0 nmethod 12668 0x0000019be9892510 code [0x0000019be98926e0, 0x0000019be98929b8]
Event: 1142.053 Thread 0x0000019be4d5a8a0 12669       3       java.util.concurrent.ScheduledThreadPoolExecutor$ScheduledFutureTask::run (57 bytes)
Event: 1142.060 Thread 0x0000019be4d5a8a0 nmethod 12669 0x0000019be999a210 code [0x0000019be999a440, 0x0000019be999a9b0]
Event: 1320.401 Thread 0x0000019be4d5a8a0 12670       1       org.eclipse.jdt.ls.core.internal.LanguageServerApplication::getParentProcessId (5 bytes)
Event: 1320.402 Thread 0x0000019be4d5a8a0 nmethod 12670 0x0000019bf113fd90 code [0x0000019bf113ff20, 0x0000019bf113ffe8]
Event: 1352.146 Thread 0x0000019be4d5a8a0 12671       1       org.eclipse.osgi.internal.framework.EquinoxContainer::getStorage (5 bytes)
Event: 1352.150 Thread 0x0000019be4d5a8a0 nmethod 12671 0x0000019bf113fa90 code [0x0000019bf113fc20, 0x0000019bf113fce8]
Event: 1363.065 Thread 0x0000019bfe7ca090 12672       4       java.lang.invoke.DirectMethodHandle$Holder::invokeStatic (14 bytes)
Event: 1363.073 Thread 0x0000019bfe7ca090 nmethod 12672 0x0000019bf113f710 code [0x0000019bf113f8a0, 0x0000019bf113f978]
Event: 1363.139 Thread 0x0000019be4d5a8a0 12673       3       java.lang.invoke.MethodTypeForm::hasPrimitives (13 bytes)
Event: 1363.140 Thread 0x0000019be4d5a8a0 nmethod 12673 0x0000019be9992a90 code [0x0000019be9992c20, 0x0000019be9992d80]

GC Heap History (20 events):
Event: 50.554 GC heap before
{Heap before GC invocations=651 (full 2):
 PSYoungGen      total 9728K, used 9688K [0x00000000d5580000, 0x00000000d6200000, 0x0000000100000000)
  eden space 9216K, 100% used [0x00000000d5580000,0x00000000d5e80000,0x00000000d5e80000)
  from space 512K, 92% used [0x00000000d6180000,0x00000000d61f62e8,0x00000000d6200000)
  to   space 512K, 0% used [0x00000000d6100000,0x00000000d6100000,0x00000000d6180000)
 ParOldGen       total 537600K, used 537404K [0x0000000080000000, 0x00000000a0d00000, 0x00000000d5580000)
  object space 537600K, 99% used [0x0000000080000000,0x00000000a0ccf290,0x00000000a0d00000)
 Metaspace       used 56784K, committed 58176K, reserved 1114112K
  class space    used 6000K, committed 6592K, reserved 1048576K
}
Event: 50.556 GC heap after
{Heap after GC invocations=651 (full 2):
 PSYoungGen      total 9728K, used 320K [0x00000000d5580000, 0x00000000d6200000, 0x0000000100000000)
  eden space 9216K, 0% used [0x00000000d5580000,0x00000000d5580000,0x00000000d5e80000)
  from space 512K, 62% used [0x00000000d6100000,0x00000000d6150000,0x00000000d6180000)
  to   space 512K, 0% used [0x00000000d6180000,0x00000000d6180000,0x00000000d6200000)
 ParOldGen       total 538112K, used 537823K [0x0000000080000000, 0x00000000a0d80000, 0x00000000d5580000)
  object space 538112K, 99% used [0x0000000080000000,0x00000000a0d37fb8,0x00000000a0d80000)
 Metaspace       used 56784K, committed 58176K, reserved 1114112K
  class space    used 6000K, committed 6592K, reserved 1048576K
}
Event: 50.705 GC heap before
{Heap before GC invocations=652 (full 2):
 PSYoungGen      total 9728K, used 9522K [0x00000000d5580000, 0x00000000d6200000, 0x0000000100000000)
  eden space 9216K, 99% used [0x00000000d5580000,0x00000000d5e7c9a0,0x00000000d5e80000)
  from space 512K, 62% used [0x00000000d6100000,0x00000000d6150000,0x00000000d6180000)
  to   space 512K, 0% used [0x00000000d6180000,0x00000000d6180000,0x00000000d6200000)
 ParOldGen       total 538112K, used 537823K [0x0000000080000000, 0x00000000a0d80000, 0x00000000d5580000)
  object space 538112K, 99% used [0x0000000080000000,0x00000000a0d37fb8,0x00000000a0d80000)
 Metaspace       used 57260K, committed 58688K, reserved 1114112K
  class space    used 6048K, committed 6656K, reserved 1048576K
}
Event: 50.706 GC heap after
{Heap after GC invocations=652 (full 2):
 PSYoungGen      total 9728K, used 288K [0x00000000d5580000, 0x00000000d6200000, 0x0000000100000000)
  eden space 9216K, 0% used [0x00000000d5580000,0x00000000d5580000,0x00000000d5e80000)
  from space 512K, 56% used [0x00000000d6180000,0x00000000d61c8000,0x00000000d6200000)
  to   space 512K, 0% used [0x00000000d6100000,0x00000000d6100000,0x00000000d6180000)
 ParOldGen       total 538112K, used 537983K [0x0000000080000000, 0x00000000a0d80000, 0x00000000d5580000)
  object space 538112K, 99% used [0x0000000080000000,0x00000000a0d5ffb8,0x00000000a0d80000)
 Metaspace       used 57260K, committed 58688K, reserved 1114112K
  class space    used 6048K, committed 6656K, reserved 1048576K
}
Event: 50.845 GC heap before
{Heap before GC invocations=653 (full 2):
 PSYoungGen      total 9728K, used 9435K [0x00000000d5580000, 0x00000000d6200000, 0x0000000100000000)
  eden space 9216K, 99% used [0x00000000d5580000,0x00000000d5e6ec90,0x00000000d5e80000)
  from space 512K, 56% used [0x00000000d6180000,0x00000000d61c8000,0x00000000d6200000)
  to   space 512K, 0% used [0x00000000d6100000,0x00000000d6100000,0x00000000d6180000)
 ParOldGen       total 538112K, used 537983K [0x0000000080000000, 0x00000000a0d80000, 0x00000000d5580000)
  object space 538112K, 99% used [0x0000000080000000,0x00000000a0d5ffb8,0x00000000a0d80000)
 Metaspace       used 58038K, committed 59520K, reserved 1114112K
  class space    used 6138K, committed 6784K, reserved 1048576K
}
Event: 50.846 GC heap after
{Heap after GC invocations=653 (full 2):
 PSYoungGen      total 9728K, used 480K [0x00000000d5580000, 0x00000000d6200000, 0x0000000100000000)
  eden space 9216K, 0% used [0x00000000d5580000,0x00000000d5580000,0x00000000d5e80000)
  from space 512K, 93% used [0x00000000d6100000,0x00000000d61780b8,0x00000000d6180000)
  to   space 512K, 0% used [0x00000000d6180000,0x00000000d6180000,0x00000000d6200000)
 ParOldGen       total 538624K, used 538288K [0x0000000080000000, 0x00000000a0e00000, 0x00000000d5580000)
  object space 538624K, 99% used [0x0000000080000000,0x00000000a0dac070,0x00000000a0e00000)
 Metaspace       used 58038K, committed 59520K, reserved 1114112K
  class space    used 6138K, committed 6784K, reserved 1048576K
}
Event: 50.858 GC heap before
{Heap before GC invocations=654 (full 2):
 PSYoungGen      total 9728K, used 1736K [0x00000000d5580000, 0x00000000d6200000, 0x0000000100000000)
  eden space 9216K, 13% used [0x00000000d5580000,0x00000000d56b9f68,0x00000000d5e80000)
  from space 512K, 93% used [0x00000000d6100000,0x00000000d61780b8,0x00000000d6180000)
  to   space 512K, 0% used [0x00000000d6180000,0x00000000d6180000,0x00000000d6200000)
 ParOldGen       total 538624K, used 538288K [0x0000000080000000, 0x00000000a0e00000, 0x00000000d5580000)
  object space 538624K, 99% used [0x0000000080000000,0x00000000a0dac070,0x00000000a0e00000)
 Metaspace       used 58336K, committed 59776K, reserved 1114112K
  class space    used 6164K, committed 6784K, reserved 1048576K
}
Event: 50.860 GC heap after
{Heap after GC invocations=654 (full 2):
 PSYoungGen      total 9728K, used 224K [0x00000000d5580000, 0x00000000d6200000, 0x0000000100000000)
  eden space 9216K, 0% used [0x00000000d5580000,0x00000000d5580000,0x00000000d5e80000)
  from space 512K, 43% used [0x00000000d6180000,0x00000000d61b8000,0x00000000d6200000)
  to   space 512K, 0% used [0x00000000d6100000,0x00000000d6100000,0x00000000d6180000)
 ParOldGen       total 538624K, used 538504K [0x0000000080000000, 0x00000000a0e00000, 0x00000000d5580000)
  object space 538624K, 99% used [0x0000000080000000,0x00000000a0de2070,0x00000000a0e00000)
 Metaspace       used 58336K, committed 59776K, reserved 1114112K
  class space    used 6164K, committed 6784K, reserved 1048576K
}
Event: 50.860 GC heap before
{Heap before GC invocations=655 (full 3):
 PSYoungGen      total 9728K, used 224K [0x00000000d5580000, 0x00000000d6200000, 0x0000000100000000)
  eden space 9216K, 0% used [0x00000000d5580000,0x00000000d5580000,0x00000000d5e80000)
  from space 512K, 43% used [0x00000000d6180000,0x00000000d61b8000,0x00000000d6200000)
  to   space 512K, 0% used [0x00000000d6100000,0x00000000d6100000,0x00000000d6180000)
 ParOldGen       total 538624K, used 538504K [0x0000000080000000, 0x00000000a0e00000, 0x00000000d5580000)
  object space 538624K, 99% used [0x0000000080000000,0x00000000a0de2070,0x00000000a0e00000)
 Metaspace       used 58336K, committed 59776K, reserved 1114112K
  class space    used 6164K, committed 6784K, reserved 1048576K
}
Event: 50.973 GC heap after
{Heap after GC invocations=655 (full 3):
 PSYoungGen      total 9728K, used 0K [0x00000000d5580000, 0x00000000d6200000, 0x0000000100000000)
  eden space 9216K, 0% used [0x00000000d5580000,0x00000000d5580000,0x00000000d5e80000)
  from space 512K, 0% used [0x00000000d6180000,0x00000000d6180000,0x00000000d6200000)
  to   space 512K, 0% used [0x00000000d6100000,0x00000000d6100000,0x00000000d6180000)
 ParOldGen       total 538624K, used 193804K [0x0000000080000000, 0x00000000a0e00000, 0x00000000d5580000)
  object space 538624K, 35% used [0x0000000080000000,0x000000008bd43320,0x00000000a0e00000)
 Metaspace       used 58334K, committed 59776K, reserved 1114112K
  class space    used 6164K, committed 6784K, reserved 1048576K
}
Event: 51.076 GC heap before
{Heap before GC invocations=656 (full 3):
 PSYoungGen      total 9728K, used 9216K [0x00000000d5580000, 0x00000000d6200000, 0x0000000100000000)
  eden space 9216K, 100% used [0x00000000d5580000,0x00000000d5e80000,0x00000000d5e80000)
  from space 512K, 0% used [0x00000000d6180000,0x00000000d6180000,0x00000000d6200000)
  to   space 512K, 0% used [0x00000000d6100000,0x00000000d6100000,0x00000000d6180000)
 ParOldGen       total 538624K, used 193804K [0x0000000080000000, 0x00000000a0e00000, 0x00000000d5580000)
  object space 538624K, 35% used [0x0000000080000000,0x000000008bd43320,0x00000000a0e00000)
 Metaspace       used 58691K, committed 60160K, reserved 1114112K
  class space    used 6194K, committed 6848K, reserved 1048576K
}
Event: 51.078 GC heap after
{Heap after GC invocations=656 (full 3):
 PSYoungGen      total 9728K, used 509K [0x00000000d5580000, 0x00000000d6380000, 0x0000000100000000)
  eden space 9216K, 0% used [0x00000000d5580000,0x00000000d5580000,0x00000000d5e80000)
  from space 512K, 99% used [0x00000000d6100000,0x00000000d617f760,0x00000000d6180000)
  to   space 2048K, 0% used [0x00000000d6180000,0x00000000d6180000,0x00000000d6380000)
 ParOldGen       total 538624K, used 195162K [0x0000000080000000, 0x00000000a0e00000, 0x00000000d5580000)
  object space 538624K, 36% used [0x0000000080000000,0x000000008be96940,0x00000000a0e00000)
 Metaspace       used 58691K, committed 60160K, reserved 1114112K
  class space    used 6194K, committed 6848K, reserved 1048576K
}
Event: 51.097 GC heap before
{Heap before GC invocations=657 (full 3):
 PSYoungGen      total 9728K, used 9725K [0x00000000d5580000, 0x00000000d6380000, 0x0000000100000000)
  eden space 9216K, 100% used [0x00000000d5580000,0x00000000d5e80000,0x00000000d5e80000)
  from space 512K, 99% used [0x00000000d6100000,0x00000000d617f760,0x00000000d6180000)
  to   space 2048K, 0% used [0x00000000d6180000,0x00000000d6180000,0x00000000d6380000)
 ParOldGen       total 538624K, used 195162K [0x0000000080000000, 0x00000000a0e00000, 0x00000000d5580000)
  object space 538624K, 36% used [0x0000000080000000,0x000000008be96940,0x00000000a0e00000)
 Metaspace       used 58709K, committed 60160K, reserved 1114112K
  class space    used 6194K, committed 6848K, reserved 1048576K
}
Event: 51.098 GC heap after
{Heap after GC invocations=657 (full 3):
 PSYoungGen      total 10240K, used 693K [0x00000000d5580000, 0x00000000d6280000, 0x0000000100000000)
  eden space 9216K, 0% used [0x00000000d5580000,0x00000000d5580000,0x00000000d5e80000)
  from space 1024K, 67% used [0x00000000d6180000,0x00000000d622d700,0x00000000d6280000)
  to   space 1536K, 0% used [0x00000000d5f80000,0x00000000d5f80000,0x00000000d6100000)
 ParOldGen       total 538624K, used 195499K [0x0000000080000000, 0x00000000a0e00000, 0x00000000d5580000)
  object space 538624K, 36% used [0x0000000080000000,0x000000008beeae08,0x00000000a0e00000)
 Metaspace       used 58709K, committed 60160K, reserved 1114112K
  class space    used 6194K, committed 6848K, reserved 1048576K
}
Event: 51.117 GC heap before
{Heap before GC invocations=658 (full 3):
 PSYoungGen      total 10240K, used 9909K [0x00000000d5580000, 0x00000000d6280000, 0x0000000100000000)
  eden space 9216K, 100% used [0x00000000d5580000,0x00000000d5e80000,0x00000000d5e80000)
  from space 1024K, 67% used [0x00000000d6180000,0x00000000d622d700,0x00000000d6280000)
  to   space 1536K, 0% used [0x00000000d5f80000,0x00000000d5f80000,0x00000000d6100000)
 ParOldGen       total 538624K, used 195499K [0x0000000080000000, 0x00000000a0e00000, 0x00000000d5580000)
  object space 538624K, 36% used [0x0000000080000000,0x000000008beeae08,0x00000000a0e00000)
 Metaspace       used 58715K, committed 60160K, reserved 1114112K
  class space    used 6194K, committed 6848K, reserved 1048576K
}
Event: 51.120 GC heap after
{Heap after GC invocations=658 (full 3):
 PSYoungGen      total 10752K, used 1065K [0x00000000d5580000, 0x00000000d6200000, 0x0000000100000000)
  eden space 9216K, 0% used [0x00000000d5580000,0x00000000d5580000,0x00000000d5e80000)
  from space 1536K, 69% used [0x00000000d5f80000,0x00000000d608a700,0x00000000d6100000)
  to   space 1024K, 0% used [0x00000000d6100000,0x00000000d6100000,0x00000000d6200000)
 ParOldGen       total 538624K, used 195539K [0x0000000080000000, 0x00000000a0e00000, 0x00000000d5580000)
  object space 538624K, 36% used [0x0000000080000000,0x000000008bef4e08,0x00000000a0e00000)
 Metaspace       used 58715K, committed 60160K, reserved 1114112K
  class space    used 6194K, committed 6848K, reserved 1048576K
}
Event: 51.131 GC heap before
{Heap before GC invocations=659 (full 3):
 PSYoungGen      total 10752K, used 10281K [0x00000000d5580000, 0x00000000d6200000, 0x0000000100000000)
  eden space 9216K, 100% used [0x00000000d5580000,0x00000000d5e80000,0x00000000d5e80000)
  from space 1536K, 69% used [0x00000000d5f80000,0x00000000d608a700,0x00000000d6100000)
  to   space 1024K, 0% used [0x00000000d6100000,0x00000000d6100000,0x00000000d6200000)
 ParOldGen       total 538624K, used 195539K [0x0000000080000000, 0x00000000a0e00000, 0x00000000d5580000)
  object space 538624K, 36% used [0x0000000080000000,0x000000008bef4e08,0x00000000a0e00000)
 Metaspace       used 58716K, committed 60160K, reserved 1114112K
  class space    used 6194K, committed 6848K, reserved 1048576K
}
Event: 51.132 GC heap after
{Heap after GC invocations=659 (full 3):
 PSYoungGen      total 10240K, used 1018K [0x00000000d5580000, 0x00000000d6200000, 0x0000000100000000)
  eden space 9216K, 0% used [0x00000000d5580000,0x00000000d5580000,0x00000000d5e80000)
  from space 1024K, 99% used [0x00000000d6100000,0x00000000d61feb80,0x00000000d6200000)
  to   space 1536K, 0% used [0x00000000d5f00000,0x00000000d5f00000,0x00000000d6080000)
 ParOldGen       total 538624K, used 195715K [0x0000000080000000, 0x00000000a0e00000, 0x00000000d5580000)
  object space 538624K, 36% used [0x0000000080000000,0x000000008bf20e08,0x00000000a0e00000)
 Metaspace       used 58716K, committed 60160K, reserved 1114112K
  class space    used 6194K, committed 6848K, reserved 1048576K
}
Event: 61.719 GC heap before
{Heap before GC invocations=660 (full 3):
 PSYoungGen      total 10240K, used 10210K [0x00000000d5580000, 0x00000000d6200000, 0x0000000100000000)
  eden space 9216K, 99% used [0x00000000d5580000,0x00000000d5e79f90,0x00000000d5e80000)
  from space 1024K, 99% used [0x00000000d6100000,0x00000000d61feb80,0x00000000d6200000)
  to   space 1536K, 0% used [0x00000000d5f00000,0x00000000d5f00000,0x00000000d6080000)
 ParOldGen       total 538624K, used 195715K [0x0000000080000000, 0x00000000a0e00000, 0x00000000d5580000)
  object space 538624K, 36% used [0x0000000080000000,0x000000008bf20e08,0x00000000a0e00000)
 Metaspace       used 60292K, committed 61760K, reserved 1114112K
  class space    used 6317K, committed 6976K, reserved 1048576K
}
Event: 61.721 GC heap after
{Heap after GC invocations=660 (full 3):
 PSYoungGen      total 10752K, used 640K [0x00000000d5580000, 0x00000000d6180000, 0x0000000100000000)
  eden space 9216K, 0% used [0x00000000d5580000,0x00000000d5580000,0x00000000d5e80000)
  from space 1536K, 41% used [0x00000000d5f00000,0x00000000d5fa0010,0x00000000d6080000)
  to   space 1024K, 0% used [0x00000000d6080000,0x00000000d6080000,0x00000000d6180000)
 ParOldGen       total 538624K, used 195875K [0x0000000080000000, 0x00000000a0e00000, 0x00000000d5580000)
  object space 538624K, 36% used [0x0000000080000000,0x000000008bf48e08,0x00000000a0e00000)
 Metaspace       used 60292K, committed 61760K, reserved 1114112K
  class space    used 6317K, committed 6976K, reserved 1048576K
}

Dll operation events (10 events):
Event: 0.011 Loaded shared library c:\Users\fpt\.vscode\extensions\redhat.java-1.54.0-win32-x64\jre\21.0.10-win32-x86_64\bin\java.dll
Event: 0.047 Loaded shared library c:\Users\fpt\.vscode\extensions\redhat.java-1.54.0-win32-x64\jre\21.0.10-win32-x86_64\bin\zip.dll
Event: 0.109 Loaded shared library C:\Users\fpt\.vscode\extensions\redhat.java-1.54.0-win32-x64\jre\21.0.10-win32-x86_64\bin\instrument.dll
Event: 0.113 Loaded shared library C:\Users\fpt\.vscode\extensions\redhat.java-1.54.0-win32-x64\jre\21.0.10-win32-x86_64\bin\net.dll
Event: 0.115 Loaded shared library C:\Users\fpt\.vscode\extensions\redhat.java-1.54.0-win32-x64\jre\21.0.10-win32-x86_64\bin\nio.dll
Event: 0.120 Loaded shared library C:\Users\fpt\.vscode\extensions\redhat.java-1.54.0-win32-x64\jre\21.0.10-win32-x86_64\bin\zip.dll
Event: 0.140 Loaded shared library C:\Users\fpt\.vscode\extensions\redhat.java-1.54.0-win32-x64\jre\21.0.10-win32-x86_64\bin\jimage.dll
Event: 0.247 Loaded shared library c:\Users\fpt\.vscode\extensions\redhat.java-1.54.0-win32-x64\jre\21.0.10-win32-x86_64\bin\verify.dll
Event: 16.970 Loaded shared library C:\Users\fpt\AppData\Roaming\Code\User\globalStorage\redhat.java\1.54.0\config_win\org.eclipse.equinox.launcher\org.eclipse.equinox.launcher.win32.win32.x86_64_1.3.0.v20260203-2149\eclipse_11919.dll
Event: 37.319 Loaded shared library C:\Users\fpt\AppData\Local\Temp\jna-101610\jna2825513497534841805.dll

Deoptimization events (20 events):
Event: 51.186 Thread 0x0000019bc580f160 Uncommon trap: trap_request=0xffffffde fr.pc=0x0000019bf158b3ac relative=0x00000000000019ac
Event: 51.186 Thread 0x0000019bc580f160 Uncommon trap: reason=class_check action=maybe_recompile pc=0x0000019bf158b3ac method=java.nio.file.Files.newByteChannel(Ljava/nio/file/Path;Ljava/util/Set;[Ljava/nio/file/attribute/FileAttribute;)Ljava/nio/channels/SeekableByteChannel; @ 7 c2
Event: 51.186 Thread 0x0000019bc580f160 DEOPT PACKING pc=0x0000019bf158b3ac sp=0x0000004f8b7fee90
Event: 51.186 Thread 0x0000019bc580f160 DEOPT UNPACKING pc=0x0000019bf0a43aa2 sp=0x0000004f8b7feda0 mode 2
Event: 51.205 Thread 0x0000019bc580f160 Uncommon trap: trap_request=0xffffffd6 fr.pc=0x0000019bf1550368 relative=0x00000000000000c8
Event: 51.205 Thread 0x0000019bc580f160 Uncommon trap: reason=array_check action=maybe_recompile pc=0x0000019bf1550368 method=java.util.stream.Nodes$FixedNodeBuilder.accept(Ljava/lang/Object;)V @ 28 c2
Event: 51.205 Thread 0x0000019bc580f160 DEOPT PACKING pc=0x0000019bf1550368 sp=0x0000004f8b7fed00
Event: 51.205 Thread 0x0000019bc580f160 DEOPT UNPACKING pc=0x0000019bf0a43aa2 sp=0x0000004f8b7fec80 mode 2
Event: 61.676 Thread 0x0000019bfe9e8650 Uncommon trap: trap_request=0xffffff45 fr.pc=0x0000019bf189b674 relative=0x00000000000007d4
Event: 61.676 Thread 0x0000019bfe9e8650 Uncommon trap: reason=unstable_if action=reinterpret pc=0x0000019bf189b674 method=sun.nio.ch.FileChannelImpl.<init>(Ljava/io/FileDescriptor;Ljava/lang/String;ZZZLjava/io/Closeable;)V @ 106 c2
Event: 61.676 Thread 0x0000019bfe9e8650 DEOPT PACKING pc=0x0000019bf189b674 sp=0x0000004f8a6fec60
Event: 61.676 Thread 0x0000019bfe9e8650 DEOPT UNPACKING pc=0x0000019bf0a43aa2 sp=0x0000004f8a6febc0 mode 2
Event: 61.677 Thread 0x0000019bfe9e8650 Uncommon trap: trap_request=0xffffff45 fr.pc=0x0000019bf189c700 relative=0x0000000000000780
Event: 61.677 Thread 0x0000019bfe9e8650 Uncommon trap: reason=unstable_if action=reinterpret pc=0x0000019bf189c700 method=sun.nio.ch.FileChannelImpl.<init>(Ljava/io/FileDescriptor;Ljava/lang/String;ZZZLjava/io/Closeable;)V @ 106 c2
Event: 61.677 Thread 0x0000019bfe9e8650 DEOPT PACKING pc=0x0000019bf189c700 sp=0x0000004f8a6febf0
Event: 61.677 Thread 0x0000019bfe9e8650 DEOPT UNPACKING pc=0x0000019bf0a43aa2 sp=0x0000004f8a6febe8 mode 2
Event: 61.721 Thread 0x0000019bfe9e8650 Uncommon trap: trap_request=0xffffff45 fr.pc=0x0000019bf13b9c4c relative=0x0000000000000d4c
Event: 61.721 Thread 0x0000019bfe9e8650 Uncommon trap: reason=unstable_if action=reinterpret pc=0x0000019bf13b9c4c method=java.util.HashMap.putVal(ILjava/lang/Object;Ljava/lang/Object;ZZ)Ljava/lang/Object; @ 94 c2
Event: 61.721 Thread 0x0000019bfe9e8650 DEOPT PACKING pc=0x0000019bf13b9c4c sp=0x0000004f8a6fed20
Event: 61.721 Thread 0x0000019bfe9e8650 DEOPT UNPACKING pc=0x0000019bf0a43aa2 sp=0x0000004f8a6febb0 mode 2

Classes loaded (20 events):
Event: 45.589 Loading class java/util/AbstractList$RandomAccessSubList
Event: 45.589 Loading class java/util/AbstractList$SubList
Event: 45.590 Loading class java/util/AbstractList$SubList done
Event: 45.590 Loading class java/util/AbstractList$RandomAccessSubList done
Event: 45.590 Loading class java/util/AbstractList$SubList$1
Event: 45.591 Loading class java/util/AbstractList$SubList$1 done
Event: 49.977 Loading class java/util/stream/ReduceOps$5
Event: 49.978 Loading class java/util/stream/ReduceOps$5 done
Event: 49.978 Loading class java/util/stream/ReduceOps$CountingSink$OfRef
Event: 49.978 Loading class java/util/stream/ReduceOps$CountingSink
Event: 49.978 Loading class java/util/stream/ReduceOps$CountingSink done
Event: 49.978 Loading class java/util/stream/ReduceOps$CountingSink$OfRef done
Event: 50.196 Loading class java/util/stream/ReduceOps$1
Event: 50.196 Loading class java/util/stream/ReduceOps$1 done
Event: 50.196 Loading class java/util/stream/ReduceOps$1ReducingSink
Event: 50.196 Loading class java/util/stream/ReduceOps$1ReducingSink done
Event: 50.499 Loading class java/util/Vector$1
Event: 50.499 Loading class java/util/Vector$1 done
Event: 50.849 Loading class java/util/Hashtable$ValueCollection
Event: 50.849 Loading class java/util/Hashtable$ValueCollection done

Classes unloaded (8 events):
Event: 38.445 Thread 0x0000019be4d3ebc0 Unloading class 0x0000019b811a3c00 'java/lang/invoke/LambdaForm$MH+0x0000019b811a3c00'
Event: 38.445 Thread 0x0000019be4d3ebc0 Unloading class 0x0000019b811a3800 'java/lang/invoke/LambdaForm$MH+0x0000019b811a3800'
Event: 38.445 Thread 0x0000019be4d3ebc0 Unloading class 0x0000019b811a3400 'java/lang/invoke/LambdaForm$MH+0x0000019b811a3400'
Event: 38.445 Thread 0x0000019be4d3ebc0 Unloading class 0x0000019b811a3000 'java/lang/invoke/LambdaForm$MH+0x0000019b811a3000'
Event: 38.445 Thread 0x0000019be4d3ebc0 Unloading class 0x0000019b811a2c00 'java/lang/invoke/LambdaForm$BMH+0x0000019b811a2c00'
Event: 38.445 Thread 0x0000019be4d3ebc0 Unloading class 0x0000019b811a2800 'java/lang/invoke/LambdaForm$DMH+0x0000019b811a2800'
Event: 38.445 Thread 0x0000019be4d3ebc0 Unloading class 0x0000019b811a1800 'java/lang/invoke/LambdaForm$DMH+0x0000019b811a1800'
Event: 50.883 Thread 0x0000019be4d3ebc0 Unloading class 0x0000019b81638400 'java/lang/invoke/LambdaForm$DMH+0x0000019b81638400'

Classes redefined (0 events):
No events

Internal exceptions (20 events):
Event: 49.982 Thread 0x0000019bc580f160 Exception <a 'sun/nio/fs/WindowsException'{0x00000000d5e6b710}> (0x00000000d5e6b710) 
thrown [s\src\hotspot\share\prims\jni.cpp, line 520]
Event: 49.982 Thread 0x0000019bc580f160 Exception <a 'sun/nio/fs/WindowsException'{0x00000000d5e6be28}> (0x00000000d5e6be28) 
thrown [s\src\hotspot\share\prims\jni.cpp, line 520]
Event: 49.982 Thread 0x0000019bc580f160 Exception <a 'sun/nio/fs/WindowsException'{0x00000000d5e73f28}> (0x00000000d5e73f28) 
thrown [s\src\hotspot\share\prims\jni.cpp, line 520]
Event: 49.982 Thread 0x0000019bc580f160 Exception <a 'sun/nio/fs/WindowsException'{0x00000000d5e74640}> (0x00000000d5e74640) 
thrown [s\src\hotspot\share\prims\jni.cpp, line 520]
Event: 49.982 Thread 0x0000019bc580f160 Exception <a 'sun/nio/fs/WindowsException'{0x00000000d5e7e4e0}> (0x00000000d5e7e4e0) 
thrown [s\src\hotspot\share\prims\jni.cpp, line 520]
Event: 49.982 Thread 0x0000019bc580f160 Exception <a 'sun/nio/fs/WindowsException'{0x00000000d5e7ebf8}> (0x00000000d5e7ebf8) 
thrown [s\src\hotspot\share\prims\jni.cpp, line 520]
Event: 49.985 Thread 0x0000019bc580f160 Exception <a 'sun/nio/fs/WindowsException'{0x00000000d5587048}> (0x00000000d5587048) 
thrown [s\src\hotspot\share\prims\jni.cpp, line 520]
Event: 49.985 Thread 0x0000019bc580f160 Exception <a 'sun/nio/fs/WindowsException'{0x00000000d5587760}> (0x00000000d5587760) 
thrown [s\src\hotspot\share\prims\jni.cpp, line 520]
Event: 49.985 Thread 0x0000019bc580f160 Exception <a 'sun/nio/fs/WindowsException'{0x00000000d558f968}> (0x00000000d558f968) 
thrown [s\src\hotspot\share\prims\jni.cpp, line 520]
Event: 49.985 Thread 0x0000019bc580f160 Exception <a 'sun/nio/fs/WindowsException'{0x00000000d5590080}> (0x00000000d5590080) 
thrown [s\src\hotspot\share\prims\jni.cpp, line 520]
Event: 49.986 Thread 0x0000019bc580f160 Exception <a 'sun/nio/fs/WindowsException'{0x00000000d5598180}> (0x00000000d5598180) 
thrown [s\src\hotspot\share\prims\jni.cpp, line 520]
Event: 49.986 Thread 0x0000019bc580f160 Exception <a 'sun/nio/fs/WindowsException'{0x00000000d5598898}> (0x00000000d5598898) 
thrown [s\src\hotspot\share\prims\jni.cpp, line 520]
Event: 49.986 Thread 0x0000019bc580f160 Exception <a 'sun/nio/fs/WindowsException'{0x00000000d55a0990}> (0x00000000d55a0990) 
thrown [s\src\hotspot\share\prims\jni.cpp, line 520]
Event: 49.986 Thread 0x0000019bc580f160 Exception <a 'sun/nio/fs/WindowsException'{0x00000000d55a10a8}> (0x00000000d55a10a8) 
thrown [s\src\hotspot\share\prims\jni.cpp, line 520]
Event: 49.986 Thread 0x0000019bc580f160 Exception <a 'sun/nio/fs/WindowsException'{0x00000000d55a91a8}> (0x00000000d55a91a8) 
thrown [s\src\hotspot\share\prims\jni.cpp, line 520]
Event: 49.986 Thread 0x0000019bc580f160 Exception <a 'sun/nio/fs/WindowsException'{0x00000000d55a98c0}> (0x00000000d55a98c0) 
thrown [s\src\hotspot\share\prims\jni.cpp, line 520]
Event: 50.345 Thread 0x0000019bc580f160 Exception <a 'java/lang/NoSuchMethodError'{0x00000000d586ab18}: 'java.lang.Object java.lang.invoke.DirectMethodHandle$Holder.invokeVirtual(java.lang.Object, java.lang.Object, int)'> (0x00000000d586ab18) 
thrown [s\src\hotspot\share\interpreter\linkResolver.cpp, line 773]
Event: 50.975 Thread 0x0000019bc580f160 Exception <a 'java/lang/NoSuchMethodError'{0x00000000d558df00}: 'java.lang.Object java.lang.invoke.DirectMethodHandle$Holder.invokeStatic(java.lang.Object, java.lang.Object, int, java.lang.Object)'> (0x00000000d558df00) 
thrown [s\src\hotspot\share\interpreter\linkResolver.cpp, line 773]
Event: 50.976 Thread 0x0000019bc580f160 Exception <a 'java/lang/NoSuchMethodError'{0x00000000d5594530}: 'java.lang.Object java.lang.invoke.DirectMethodHandle$Holder.newInvokeSpecial(java.lang.Object, java.lang.Object, int)'> (0x00000000d5594530) 
thrown [s\src\hotspot\share\interpreter\linkResolver.cpp, line 773]
Event: 1363.138 Thread 0x0000019bc6accdc0 Exception <a 'java/lang/IncompatibleClassChangeError'{0x00000000d5797a98}: Found class java.lang.Object, but interface was expected> (0x00000000d5797a98) 
thrown [s\src\hotspot\share\interpreter\linkResolver.cpp, line 840]

ZGC Phase Switch (0 events):
No events

VM Operations (20 events):
Event: 721.970 Executing non-safepoint VM operation: RendezvousGCThreads
Event: 721.970 Executing non-safepoint VM operation: RendezvousGCThreads done
Event: 842.220 Executing non-safepoint VM operation: HandshakeAllThreads (HandshakeForDeflation)
Event: 842.220 Executing non-safepoint VM operation: HandshakeAllThreads (HandshakeForDeflation) done
Event: 842.221 Executing non-safepoint VM operation: RendezvousGCThreads
Event: 842.221 Executing non-safepoint VM operation: RendezvousGCThreads done
Event: 902.481 Executing non-safepoint VM operation: HandshakeAllThreads (HandshakeForDeflation)
Event: 902.481 Executing non-safepoint VM operation: HandshakeAllThreads (HandshakeForDeflation) done
Event: 902.481 Executing non-safepoint VM operation: RendezvousGCThreads
Event: 902.481 Executing non-safepoint VM operation: RendezvousGCThreads done
Event: 962.508 Executing non-safepoint VM operation: HandshakeAllThreads (HandshakeForDeflation)
Event: 962.508 Executing non-safepoint VM operation: HandshakeAllThreads (HandshakeForDeflation) done
Event: 962.508 Executing non-safepoint VM operation: RendezvousGCThreads
Event: 962.508 Executing non-safepoint VM operation: RendezvousGCThreads done
Event: 1239.040 Executing safepoint VM operation: Cleanup
Event: 1239.041 Executing safepoint VM operation: Cleanup done
Event: 1263.210 Executing non-safepoint VM operation: HandshakeAllThreads (HandshakeForDeflation)
Event: 1263.212 Executing non-safepoint VM operation: HandshakeAllThreads (HandshakeForDeflation) done
Event: 1263.212 Executing non-safepoint VM operation: RendezvousGCThreads
Event: 1263.212 Executing non-safepoint VM operation: RendezvousGCThreads done

Memory protections (0 events):
No events

Nmethod flushes (20 events):
Event: 50.902 Thread 0x0000019be4d3ebc0 flushing  nmethod 0x0000019be9e1ad10
Event: 50.902 Thread 0x0000019be4d3ebc0 flushing  nmethod 0x0000019be9e1c710
Event: 50.902 Thread 0x0000019be4d3ebc0 flushing  nmethod 0x0000019be9e2bb10
Event: 50.902 Thread 0x0000019be4d3ebc0 flushing  nmethod 0x0000019be9e58290
Event: 50.902 Thread 0x0000019be4d3ebc0 flushing osr nmethod 0x0000019be9e63810
Event: 50.902 Thread 0x0000019be4d3ebc0 flushing osr nmethod 0x0000019be9e64910
Event: 50.902 Thread 0x0000019be4d3ebc0 flushing  nmethod 0x0000019be9e7b010
Event: 50.902 Thread 0x0000019be4d3ebc0 flushing  nmethod 0x0000019be9ea6a10
Event: 50.902 Thread 0x0000019be4d3ebc0 flushing  nmethod 0x0000019be9eb0c90
Event: 50.902 Thread 0x0000019be4d3ebc0 flushing  nmethod 0x0000019be9eb2790
Event: 50.902 Thread 0x0000019be4d3ebc0 flushing  nmethod 0x0000019be9eb4090
Event: 50.902 Thread 0x0000019be4d3ebc0 flushing  nmethod 0x0000019be9ebd990
Event: 50.902 Thread 0x0000019be4d3ebc0 flushing  nmethod 0x0000019be9ebe110
Event: 50.902 Thread 0x0000019be4d3ebc0 flushing  nmethod 0x0000019be9ebe490
Event: 50.902 Thread 0x0000019be4d3ebc0 flushing  nmethod 0x0000019be9ebe810
Event: 50.902 Thread 0x0000019be4d3ebc0 flushing  nmethod 0x0000019be9ebed90
Event: 50.902 Thread 0x0000019be4d3ebc0 flushing  nmethod 0x0000019be9ec0490
Event: 50.902 Thread 0x0000019be4d3ebc0 flushing  nmethod 0x0000019be9ec0a90
Event: 50.902 Thread 0x0000019be4d3ebc0 flushing  nmethod 0x0000019be9ec1210
Event: 50.902 Thread 0x0000019be4d3ebc0 flushing  nmethod 0x0000019be9ec4690

Events (20 events):
Event: 50.806 Thread 0x0000019be4d5a8a0 Thread added: 0x0000019bc8f920e0
Event: 56.209 Thread 0x0000019bc8f920e0 Thread exited: 0x0000019bc8f920e0
Event: 61.734 Thread 0x0000019be4d5a8a0 Thread added: 0x0000019bc8f92e80
Event: 61.734 Thread 0x0000019be4d5a8a0 Thread added: 0x0000019bc8f91a10
Event: 66.767 Thread 0x0000019bc8f91a10 Thread exited: 0x0000019bc8f91a10
Event: 66.907 Thread 0x0000019bc8f92e80 Thread exited: 0x0000019bc8f92e80
Event: 109.740 Thread 0x0000019bc580d720 Thread exited: 0x0000019bc580d720
Event: 109.741 Thread 0x0000019bc81051d0 Thread exited: 0x0000019bc81051d0
Event: 109.835 Thread 0x0000019bc580d090 Thread exited: 0x0000019bc580d090
Event: 109.835 Thread 0x0000019bc580ead0 Thread exited: 0x0000019bc580ead0
Event: 169.748 Thread 0x0000019bc6ad1c80 Thread exited: 0x0000019bc6ad1c80
Event: 229.759 Thread 0x0000019bc6ad15f0 Thread exited: 0x0000019bc6ad15f0
Event: 289.771 Thread 0x0000019bc8109370 Thread exited: 0x0000019bc8109370
Event: 349.773 Thread 0x0000019bc6ad29a0 Thread exited: 0x0000019bc6ad29a0
Event: 409.778 Thread 0x0000019bc8107930 Thread exited: 0x0000019bc8107930
Event: 469.779 Thread 0x0000019bc8108ce0 Thread exited: 0x0000019bc8108ce0
Event: 529.785 Thread 0x0000019bc8108650 Thread exited: 0x0000019bc8108650
Event: 589.786 Thread 0x0000019bc81072a0 Thread exited: 0x0000019bc81072a0
Event: 649.794 Thread 0x0000019bc6ad3030 Thread exited: 0x0000019bc6ad3030
Event: 709.807 Thread 0x0000019bc8106c10 Thread exited: 0x0000019bc8106c10


Dynamic libraries:
0x00007ff7ac520000 - 0x00007ff7ac52e000 	c:\Users\fpt\.vscode\extensions\redhat.java-1.54.0-win32-x64\jre\21.0.10-win32-x86_64\bin\java.exe
0x00007ffc08100000 - 0x00007ffc08367000 	C:\WINDOWS\SYSTEM32\ntdll.dll
0x00007ffc07320000 - 0x00007ffc073e9000 	C:\WINDOWS\System32\KERNEL32.DLL
0x00007ffc05a80000 - 0x00007ffc05e77000 	C:\WINDOWS\System32\KERNELBASE.dll
0x00007ffc05450000 - 0x00007ffc0559b000 	C:\WINDOWS\System32\ucrtbase.dll
0x00007ffbcb580000 - 0x00007ffbcb598000 	c:\Users\fpt\.vscode\extensions\redhat.java-1.54.0-win32-x64\jre\21.0.10-win32-x86_64\bin\jli.dll
0x00007ffbcae00000 - 0x00007ffbcae1e000 	c:\Users\fpt\.vscode\extensions\redhat.java-1.54.0-win32-x64\jre\21.0.10-win32-x86_64\bin\VCRUNTIME140.dll
0x00007ffc07be0000 - 0x00007ffc07da6000 	C:\WINDOWS\System32\USER32.dll
0x00007ffbec380000 - 0x00007ffbec612000 	C:\WINDOWS\WinSxS\amd64_microsoft.windows.common-controls_6595b64144ccf1df_6.0.26100.8328_none_3e08182ce334b678\COMCTL32.dll
0x00007ffc055a0000 - 0x00007ffc055c7000 	C:\WINDOWS\System32\win32u.dll
0x00007ffc07970000 - 0x00007ffc07a19000 	C:\WINDOWS\System32\msvcrt.dll
0x00007ffc05e80000 - 0x00007ffc05eab000 	C:\WINDOWS\System32\GDI32.dll
0x00007ffc05740000 - 0x00007ffc0586c000 	C:\WINDOWS\System32\gdi32full.dll
0x00007ffc055d0000 - 0x00007ffc05673000 	C:\WINDOWS\System32\msvcp_win.dll
0x00007ffc07630000 - 0x00007ffc07662000 	C:\WINDOWS\System32\IMM32.DLL
0x00007ffbfafb0000 - 0x00007ffbfafbc000 	c:\Users\fpt\.vscode\extensions\redhat.java-1.54.0-win32-x64\jre\21.0.10-win32-x86_64\bin\vcruntime140_1.dll
0x00007ffb92540000 - 0x00007ffb925cd000 	c:\Users\fpt\.vscode\extensions\redhat.java-1.54.0-win32-x64\jre\21.0.10-win32-x86_64\bin\msvcp140.dll
0x00007ffb55280000 - 0x00007ffb56021000 	c:\Users\fpt\.vscode\extensions\redhat.java-1.54.0-win32-x64\jre\21.0.10-win32-x86_64\bin\server\jvm.dll
0x00007ffc07dd0000 - 0x00007ffc07e86000 	C:\WINDOWS\System32\ADVAPI32.dll
0x00007ffc07e90000 - 0x00007ffc07f37000 	C:\WINDOWS\System32\sechost.dll
0x00007ffc07850000 - 0x00007ffc07968000 	C:\WINDOWS\System32\RPCRT4.dll
0x00007ffc076c0000 - 0x00007ffc07740000 	C:\WINDOWS\System32\WS2_32.dll
0x00007ffbf72a0000 - 0x00007ffbf72d6000 	C:\WINDOWS\SYSTEM32\WINMM.dll
0x00007ffbff5a0000 - 0x00007ffbff5ab000 	C:\WINDOWS\SYSTEM32\VERSION.dll
0x00007ffc044a0000 - 0x00007ffc044fe000 	C:\WINDOWS\SYSTEM32\POWRPROF.dll
0x00007ffc04480000 - 0x00007ffc04494000 	C:\WINDOWS\SYSTEM32\UMPDC.dll
0x00007ffc03890000 - 0x00007ffc038ab000 	C:\WINDOWS\SYSTEM32\kernel.appcore.dll
0x00007ffbe5bb0000 - 0x00007ffbe5bba000 	c:\Users\fpt\.vscode\extensions\redhat.java-1.54.0-win32-x64\jre\21.0.10-win32-x86_64\bin\jimage.dll
0x00007ffc02920000 - 0x00007ffc02b62000 	C:\WINDOWS\SYSTEM32\DBGHELP.DLL
0x00007ffc06100000 - 0x00007ffc06483000 	C:\WINDOWS\System32\combase.dll
0x00007ffc073f0000 - 0x00007ffc074c9000 	C:\WINDOWS\System32\OLEAUT32.dll
0x00007ffbe9180000 - 0x00007ffbe91bb000 	C:\WINDOWS\SYSTEM32\dbgcore.DLL
0x00007ffc04b30000 - 0x00007ffc04bd8000 	C:\WINDOWS\System32\bcryptPrimitives.dll
0x00007ffbfe150000 - 0x00007ffbfe15f000 	c:\Users\fpt\.vscode\extensions\redhat.java-1.54.0-win32-x64\jre\21.0.10-win32-x86_64\bin\instrument.dll
0x00007ffbcb5a0000 - 0x00007ffbcb5c0000 	c:\Users\fpt\.vscode\extensions\redhat.java-1.54.0-win32-x64\jre\21.0.10-win32-x86_64\bin\java.dll
0x00007ffc06920000 - 0x00007ffc0708e000 	C:\WINDOWS\System32\SHELL32.dll
0x00007ffc04be0000 - 0x00007ffc0544c000 	C:\WINDOWS\System32\windows.storage.dll
0x00007ffc07750000 - 0x00007ffc07846000 	C:\WINDOWS\System32\SHCORE.dll
0x00007ffc06090000 - 0x00007ffc060f6000 	C:\WINDOWS\System32\shlwapi.dll
0x00007ffc04a50000 - 0x00007ffc04a79000 	C:\WINDOWS\SYSTEM32\profapi.dll
0x00007ffbcb1a0000 - 0x00007ffbcb1b8000 	c:\Users\fpt\.vscode\extensions\redhat.java-1.54.0-win32-x64\jre\21.0.10-win32-x86_64\bin\zip.dll
0x00007ffbde990000 - 0x00007ffbde9a0000 	C:\Users\fpt\.vscode\extensions\redhat.java-1.54.0-win32-x64\jre\21.0.10-win32-x86_64\bin\net.dll
0x00007ffbfeed0000 - 0x00007ffbfeff9000 	C:\WINDOWS\SYSTEM32\WINHTTP.dll
0x00007ffc03e30000 - 0x00007ffc03e9c000 	C:\WINDOWS\system32\mswsock.dll
0x00007ffbcae50000 - 0x00007ffbcae66000 	C:\Users\fpt\.vscode\extensions\redhat.java-1.54.0-win32-x64\jre\21.0.10-win32-x86_64\bin\nio.dll
0x00007ffbde8c0000 - 0x00007ffbde8d0000 	c:\Users\fpt\.vscode\extensions\redhat.java-1.54.0-win32-x64\jre\21.0.10-win32-x86_64\bin\verify.dll
0x00007ffbcaf00000 - 0x00007ffbcaf45000 	C:\Users\fpt\AppData\Roaming\Code\User\globalStorage\redhat.java\1.54.0\config_win\org.eclipse.equinox.launcher\org.eclipse.equinox.launcher.win32.win32.x86_64_1.3.0.v20260203-2149\eclipse_11919.dll
0x00007ffc07a20000 - 0x00007ffc07bb7000 	C:\WINDOWS\System32\ole32.dll
0x00007ffc04110000 - 0x00007ffc0412b000 	C:\WINDOWS\SYSTEM32\CRYPTSP.dll
0x00007ffc037f0000 - 0x00007ffc03829000 	C:\WINDOWS\system32\rsaenh.dll
0x00007ffc03ee0000 - 0x00007ffc03f13000 	C:\WINDOWS\SYSTEM32\USERENV.dll
0x00007ffc04a20000 - 0x00007ffc04a4a000 	C:\WINDOWS\SYSTEM32\bcrypt.dll
0x00007ffc04130000 - 0x00007ffc0413c000 	C:\WINDOWS\SYSTEM32\CRYPTBASE.dll
0x00007ffc03270000 - 0x00007ffc032a2000 	C:\WINDOWS\SYSTEM32\IPHLPAPI.DLL
0x00007ffc07bc0000 - 0x00007ffc07bca000 	C:\WINDOWS\System32\NSI.dll
0x00007ffbbe850000 - 0x00007ffbbe899000 	C:\Users\fpt\AppData\Local\Temp\jna-101610\jna2825513497534841805.dll
0x00007ffc07bd0000 - 0x00007ffc07bd8000 	C:\WINDOWS\System32\PSAPI.DLL
0x00007ffbff7b0000 - 0x00007ffbff7cd000 	C:\WINDOWS\SYSTEM32\dhcpcsvc6.DLL
0x00007ffbff630000 - 0x00007ffbff655000 	C:\WINDOWS\SYSTEM32\dhcpcsvc.DLL

JVMTI agents:
c:\Users\fpt\.vscode\extensions\redhat.java-1.54.0-win32-x64\lombok\lombok-1.18.39-4050.jar path:c:\Users\fpt\.vscode\extensions\redhat.java-1.54.0-win32-x64\jre\21.0.10-win32-x86_64\bin\instrument.dll, loaded, initialized, instrumentlib options:none

dbghelp: loaded successfully - version: 4.0.5 - missing functions: none
symbol engine: initialized successfully - sym options: 0x614 - pdb path: .;c:\Users\fpt\.vscode\extensions\redhat.java-1.54.0-win32-x64\jre\21.0.10-win32-x86_64\bin;C:\WINDOWS\SYSTEM32;C:\WINDOWS\WinSxS\amd64_microsoft.windows.common-controls_6595b64144ccf1df_6.0.26100.8328_none_3e08182ce334b678;c:\Users\fpt\.vscode\extensions\redhat.java-1.54.0-win32-x64\jre\21.0.10-win32-x86_64\bin\server;C:\Users\fpt\AppData\Roaming\Code\User\globalStorage\redhat.java\1.54.0\config_win\org.eclipse.equinox.launcher\org.eclipse.equinox.launcher.win32.win32.x86_64_1.3.0.v20260203-2149;C:\Users\fpt\AppData\Local\Temp\jna-101610

VM Arguments:
jvm_args: --add-modules=ALL-SYSTEM --add-opens=java.base/java.util=ALL-UNNAMED --add-opens=java.base/java.lang=ALL-UNNAMED --add-opens=java.base/sun.nio.fs=ALL-UNNAMED -Declipse.application=org.eclipse.jdt.ls.core.id1 -Dosgi.bundles.defaultStartLevel=4 -Declipse.product=org.eclipse.jdt.ls.core.product -Djava.import.generatesMetadataFilesAtProjectRoot=false -DDetectVMInstallationsJob.disabled=true -Dfile.encoding=utf8 -XX:+UseParallelGC -XX:GCTimeRatio=4 -XX:AdaptiveSizePolicyWeight=90 -Dsun.zip.disableMemoryMapping=true -Xmx2G -Xms100m -Xlog:disable -javaagent:c:\Users\fpt\.vscode\extensions\redhat.java-1.54.0-win32-x64\lombok\lombok-1.18.39-4050.jar -XX:+HeapDumpOnOutOfMemoryError -XX:HeapDumpPath=c:\Users\fpt\AppData\Roaming\Code\User\workspaceStorage\5c5ac8cd658039a3956400a6e7e132ee\redhat.java -Daether.dependencyCollector.impl=bf 
java_command: c:\Users\fpt\.vscode\extensions\redhat.java-1.54.0-win32-x64\server\plugins\org.eclipse.equinox.launcher_1.7.100.v20251111-0406.jar -configuration c:\Users\fpt\AppData\Roaming\Code\User\globalStorage\redhat.java\1.54.0\config_win -data c:\Users\fpt\AppData\Roaming\Code\User\workspaceStorage\5c5ac8cd658039a3956400a6e7e132ee\redhat.java\jdt_ws --pipe=\\.\pipe\lsp-1ba5e0a30b495de4d6e14915cd5f0546-sock
java_class_path (initial): c:\Users\fpt\.vscode\extensions\redhat.java-1.54.0-win32-x64\server\plugins\org.eclipse.equinox.launcher_1.7.100.v20251111-0406.jar
Launcher Type: SUN_STANDARD

[Global flags]
    uintx AdaptiveSizePolicyWeight                 = 90                                        {product} {command line}
     intx CICompilerCount                          = 4                                         {product} {ergonomic}
    uintx GCTimeRatio                              = 4                                         {product} {command line}
     bool HeapDumpOnOutOfMemoryError               = true                                   {manageable} {command line}
    ccstr HeapDumpPath                             = c:\Users\fpt\AppData\Roaming\Code\User\workspaceStorage\5c5ac8cd658039a3956400a6e7e132ee\redhat.java         {manageable} {command line}
   size_t InitialHeapSize                          = 104857600                                 {product} {command line}
   size_t MaxHeapSize                              = 2147483648                                {product} {command line}
   size_t MaxNewSize                               = 715653120                                 {product} {ergonomic}
   size_t MinHeapDeltaBytes                        = 524288                                    {product} {ergonomic}
   size_t MinHeapSize                              = 104857600                                 {product} {command line}
   size_t NewSize                                  = 34603008                                  {product} {ergonomic}
    uintx NonNMethodCodeHeapSize                   = 5839372                                {pd product} {ergonomic}
    uintx NonProfiledCodeHeapSize                  = 122909434                              {pd product} {ergonomic}
   size_t OldSize                                  = 70254592                                  {product} {ergonomic}
    uintx ProfiledCodeHeapSize                     = 122909434                              {pd product} {ergonomic}
    uintx ReservedCodeCacheSize                    = 251658240                              {pd product} {ergonomic}
     bool SegmentedCodeCache                       = true                                      {product} {ergonomic}
   size_t SoftMaxHeapSize                          = 2147483648                             {manageable} {ergonomic}
     bool UseCompressedOops                        = true                           {product lp64_product} {ergonomic}
     bool UseLargePagesIndividualAllocation        = false                                  {pd product} {ergonomic}
     bool UseParallelGC                            = true                                      {product} {command line}

Logging:
Log output configuration:
 #0: stdout all=off uptime,level,tags foldmultilines=false
 #1: stderr all=off uptime,level,tags foldmultilines=false

Release file:
JAVA_VERSION="21.0.10" 
MODULES="java.base java.compiler java.datatransfer java.xml java.prefs java.desktop java.instrument java.logging java.management java.security.sasl java.naming java.rmi java.management.rmi java.net.http java.scripting java.security.jgss java.transaction.xa java.sql java.sql.rowset java.xml.crypto java.se java.smartcardio jdk.accessibility jdk.internal.jvmstat jdk.attach jdk.charsets jdk.internal.opt jdk.zipfs jdk.compiler jdk.crypto.ec jdk.crypto.cryptoki jdk.crypto.mscapi jdk.dynalink jdk.internal.ed jdk.editpad jdk.hotspot.agent jdk.httpserver jdk.internal.le jdk.internal.vm.ci jdk.internal.vm.compiler jdk.internal.vm.compiler.management jdk.jartool jdk.javadoc jdk.jcmd jdk.management jdk.management.agent jdk.jconsole jdk.jdeps jdk.jdwp.agent jdk.jdi jdk.jfr jdk.jshell jdk.jsobject jdk.jstatd jdk.localedata jdk.management.jfr jdk.naming.dns jdk.naming.rmi jdk.net jdk.nio.mapmode jdk.random jdk.sctp jdk.security.auth jdk.security.jgss jdk.unsupported jdk.unsupported.desktop jdk.xml.dom" 

Environment Variables:
JAVA_HOME=C:\Program Files\Eclipse Adoptium\jdk-21.0.10.7-hotspot\
PATH=C:\Users\fpt\AppData\Local\Programs\Microsoft VS Code;C:\Program Files\Eclipse Adoptium\jdk-21.0.10.7-hotspot\bin;C:\Program Files\Eclipse Adoptium\jdk-17.0.15.6-hotspot\bin;C:\Python312\Scripts\;C:\Python312\;C:\Program Files\CodeBlocks\MinGW\bin;C:\Windows\system32;C:\Windows;C:\Windows\System32\Wbem;C:\Windows\System32\WindowsPowerShell\v1.0\;C:\Windows\System32\OpenSSH\;C:\Program Files (x86)\NVIDIA Corporation\PhysX\Common;C:\Program Files\NVIDIA Corporation\NVIDIA NvDLISR;C:\ProgramData\chocolatey\bin;C:\WINDOWS\system32;C:\WINDOWS;C:\WINDOWS\System32\Wbem;C:\WINDOWS\System32\WindowsPowerShell\v1.0\;C:\WINDOWS\System32\OpenSSH\;C:\xampp\php;C:\Users\fpt\Downloads\php-8.4.11;C:\composer;C:\Users\fpt\AppData\Roaming\Composer\vendor\bin;C:\Program Files\nodejs\;C:\Users\fpt\Downloads\mysql-8.4.6-winx64\mysql-8.4.6-winx64\bin;C:\Program Files\Git LFS;C:\Program Files\PuTTY\;C:\apache-maven-3.9.11;C:\flutter\bin;C:\Program Files\Git\cmd;C:\Users\fpt\AppData\Local\Android\Sdk\platform-tools;E:\Program Files\Wireshark;C:\Users\fpt\AppData\Local\Microsoft\WindowsApps;C:\Users\fpt\AppData\Local\Programs\Microsoft VS Code\bin;C:\xampp\php;C:\Users\fpt\Downloads\php-8.4.11;C:\Users\fpt\AppData\Roaming\Composer\vendor\bin;C:\Users\fpt\AppData\Roaming\npm
USERNAME=fpt
OS=Windows_NT
PROCESSOR_IDENTIFIER=Intel64 Family 6 Model 154 Stepping 3, GenuineIntel
TMP=C:\Users\fpt\AppData\Local\Temp
TEMP=C:\Users\fpt\AppData\Local\Temp




Periodic native trim disabled

---------------  S Y S T E M  ---------------

OS:
 Windows 11 , 64 bit Build 26100 (10.0.26100.8328)
OS uptime: 6 days 10:37 hours
Hyper-V role detected

CPU: total 12 (initial active 12) (6 cores per cpu, 2 threads per core) family 6 model 154 stepping 3 microcode 0x424, cx8, cmov, fxsr, ht, mmx, 3dnowpref, sse, sse2, sse3, ssse3, sse4.1, sse4.2, popcnt, lzcnt, tsc, tscinvbit, avx, avx2, aes, erms, clmul, bmi1, bmi2, adx, sha, fma, vzeroupper, clflush, clflushopt, clwb, hv, serialize, rdtscp, rdpid, fsrm, f16c, cet_ibt, cet_ss
Processor Information for the first 12 processors :
  Max Mhz: 2000, Current Mhz: 2000, Mhz Limit: 2000

Memory: 4k page, system-wide physical 16085M (1106M free)
TotalPageFile size 47335M (AvailPageFile size 8M)
current process WorkingSet (physical memory assigned to process): 22M, peak: 900M
current process commit charge ("private bytes"): 805M, peak: 856M

vm_info: OpenJDK 64-Bit Server VM (21.0.10+7-LTS) for windows-amd64 JRE (21.0.10+7-LTS), built on 2026-01-20T00:00:00Z by "admin" with MS VC++ 17.12 (VS2022)

END.
